
# spi_transfer
Set CS pin 14 to low
Set CS pin 14 to high
SPI config: 0x221
SPI config: 0x221
SPI Transfer #1: Received Data 0x0x4200d1b0:
  ff
SPI Transfer #2: Received Data 0x0x4200d1b4:
  60
Tx Interrupts: 96
Tx Buffer OK:  96
Tx No Buffer:  0
Tx Status:     0x0
Tx Term Count: 0x0
Tx Error:      0x0
Rx Interrupts: 96
Rx Buffer OK:  96
Rx No Buffer:  0
Rx Status:     0x0
Rx Term Count: 0x0
Rx Error:      0x0
Set CS pin 14 to low
Set CS pin 14 to high
SPI config: 0x221
SPI config: 0x221
SPI Transfer #1: Received Data 0x0x4200d1b0:
  ff
SPI Transfer #2: Received Data 0x0x4200d1b4:
  00
Tx Interrupts: 98
Tx Buffer OK:  98
Tx No Buffer:  0
Tx Status:     0x0
Tx Term Count: 0x0
Tx Error:      0x0
Rx Interrupts: 98
Rx Buffer OK:  98
Rx No Buffer:  0
Rx Status:     0x0
Rx Term Count: 0x0
Rx Error:      0x0
Set CS pin 14 to low
Set CS pin 14 to high
SPI config: 0x221
SPI config: 0x221
SPI Transfer #1: Received Data 0x0x4200d1b0:
  ff
SPI Transfer #2: Received Data 0x0x4200d1b4:
  00
Tx Interrupts: 100
Tx Buffer OK:  100
Tx No Buffer:  0
Tx Status:     0x0
Tx Term Count: 0x0
Tx Error:      0x0
Rx Interrupts: 100
Rx Buffer OK:  100
Rx No Buffer:  0
Rx Status:     0x0
Rx Term Count: 0x0
Rx Error:      0x0
Set CS pin 14 to low
Set CS pin 14 to high
SPI config: 0x221
SPI config: 0x221
SPI Transfer #1: Received Data 0x0x4200d1b0:
  ff
SPI Transfer #2: Received Data 0x0x4200d1b4:
  00
Tx Interrupts: 102
Tx Buffer OK:  102
Tx No Buffer:  0
Tx Status:     0x0
Tx Term Count: 0x0
Tx Error:      0x0
Rx Interrupts: 102
Rx Buffer OK:  102
Rx No Buffer:  0
Rx Status:     0x0
Rx Term Count: 0x0
Rx Error:      0x0
Set CS pin 14 to low
Set CS pin 14 to high
SPI config: 0x221
SPI config: 0x221
SPI Transfer #1: Received Dat 0x0x4200d1b0:
  ff
SPI Transfer #2: Received Data 0x0x4200d1b4:
  00
Tx Interrupts: 104
Tx Buffer OK:  104
Tx No Buffer:  0
Tx Status:     0x0
Tx Term Count: 0x0
Tx Error:      0x0
Rx Interrupts: 104
Rx Buffer OK:  104
Rx No Buffer:  0
Rx Status:     0x0
Rx Term Count: 0x0
Rx Error:      0x0
Set CS pin 14 to low
Set CS pin 14 to high
SPI config: 0x221
SPI config: 0x221
SPI Transfer #1: Received Data 0x0x4200d1b0:
  ff
SPI Transfer #2: Received Data 0x0x4200d1b4:
  00
Tx Interrupts: 106
Tx Buffer OK:  106
Tx No Buffer:  0
Tx Status:     0x0
Tx Term Count: 0x0
Tx Error:      0x0
Rx Interrupts: 106
Rx Buffer OK:  106
Rx No Buffer:  0
Rx Status:     0x0
Rx Term Count: 0x0
Rx Error:      0x0
Se CS pin 14 to low
Set CS pin 14 to high
SPI config: 0x221
SPI config: 0x221
SPI Transfer #1: Received Data 0x0x4200d1b0:
  ff
SPI Transfer #2: Received Data 0x0x4200d1b4:
  00
Tx Interrupts: 108
Tx Buffer OK:  108
Tx No Buffer:  0
Tx Status:     0x0
Tx Term Count: 0x0
Tx Error:      0x0
Rx Interrupts: 108
Rx Buffer OK:  108
Rx No Buffer:  0
Rx Status:     0x0
Rx Term Count: 0x0
Rx Error:      00
Set CS pin 14 to low
Set CS pin 14 to high
SPI config: 0x221
SPI config: 0x221
SPI Transfer #1: Received Data 0x0x4200d1b0:
  ff
SPI Transfer #2: Received Data 0x0x4200d1b4:
  00
Tx Interrupts: 110
Tx Buffer OK:  110
Tx No Buffer:  0
Tx Status:     0x0
Tx Term Count: 0x0
Tx Error:      0x0
Rx Interrupts: 110
Rx Buffer OK:  110
Rx No Buffer:  0
Rx Status:     0x0
Rx Term Count: 0x0
Rx Error:      0x0
Set CS pin 14 to low
Set CS pin 14 to high
SPI config: 0x221
SPI config: 0x221
SPI Transfer #1: Received Data 0x0x4200d1b0:
  ff
SPI Transfer #2: Received Data 0x0x4200d1b4:
  00
Tx Interrupts: 112
Tx Buffer OK:  112
Tx No Buffer:  0
Tx Status:     0x0
Tx Term Count: 0x0
Tx Error:      0x0
Rx Interrupts: 112
Rx Buffer OK:  112
Rx No Buffer:  0
Rx Status:     0x0
Rx Term Count: 0x0
Rx Error:      0x0
Set CS pin 14 to low
Set CS pin 14 to high
SPI config: 0x221
SPI config: 0x221
SPI Transfer #1: Received Data 0x0x4200d1b0:
  ff
SPI Transfer #2: Received Data 0x0x4200d1b4:
  00
Tx Interrupts: 114
Tx Buffer OK:  114
Tx No Buffer:  0
Tx Status:     0x0
Tx Term Count: 0x0
Tx Error:      0x0
Rx Interrupts: 114
Rx Buffer OK:  114
Rx No Buffer:  0
Rx Status:     0x0
Rx Term Count: 0x0
Rx Error:      0x0
Set CS pin 14 to low
Set CS pin 14 to high
SPI config: 0x221
SPI config: 0x221
SPI Transfer #1: Received Data 0x0x4200d1b0:
  ff
SPI Transfer #2: Received Data 0x0x4200d1b4:
  00
Tx Interrupts: 116
Tx Buffer OK:  116
Tx No Buffer:  0
Tx Status:     0x0
Tx Term Count: 0x0
Tx Error:      0x0
Rx Interrupts: 116
Rx Buffer OK:  116
Rx No Buffer:  0
Rx Status:     0x0
Rx Term Count: 0x0
Rx Error:      0x0
Set CS pin 14 to low
Set CS pin 14 to high
SPI config: 0x221
SPI config: 0x221
SPI Transfer #1: Received Data 0x0x4200d1b0:
  ff
SPI Transfer #2: Received Data 0x0x4200d1b4:
  00
Tx Interrupts: 118
Tx Buffer OK:  118
Tx No Buffer:  0
Tx Status:     0x0
Tx Term Count: 0x0
Tx Error:      0x0
Rx Interrupts: 118
Rx Buffer OK:  118
Rx No Buffer:  0
Rx Status:     0x0
Rx Term Count: 0x0
Rx Error:      0x0
Set CS pin 14 to low
Set CS pin 14 to high
SPI config: 0x221
SPI config: 0x221
SPI Transfer #1: Received Data 0x0x4200d1b0:
  ff
SPI Transfer #2: Received Data 0x0x4200d1b4:
  00
Tx Interrupts: 120
Tx Buffer OK:  120
Tx No Buffer:  0
Tx Status:     0x0
Tx Term Count: 0x0
Tx Error:      0x0
Rx Interrupts: 120
Rx Buffer OK:  120
Rx No Buffer:  0
Rx Status:     0x0
Rx Term Count: 0x0
Rx Error:      0x0
Set CS pin 14 to low
Set CS pin 14 to high
SPI config: 0x221
SPI config: 0x221
SPI Transfer #1: Received Data 0x0x4200d1b0:
  ff
SPI Transfer #2: Received Data 0x0x4200d1b4:
  00
Tx Interrupts: 122
Tx Buffer OK:  122
Tx No Buffer:  0
Tx Status:     0x0
Tx Term Count: 0x0
Tx Error:      0x0
Rx Interrupts: 122
Rx Buffer OK:  122
Rx No Buffer:  0
Rx Status:     0x0
Rx Term Count: 0x0
Rx Error:      0x0
Set CS pin 14 to low
Set CS pin 14 to high
SPI config: 0x221
SPI config: 0x221
SPI Transfer #1: Received Data 0x0x4200d1b0:
  ff
SPI Transfer #2: Received Data 0x0x4200d1b4:
  00
Tx Interrupts: 124
Tx Buffer OK:  124
Tx No Buffer:  0
Tx Status:     0x0
Tx Term Count: 0x0
Tx Error:      0x0
Rx Interrupts: 124
Rx Buffer OK:  124
Rx No Buffer:  0
Rx Status:     0x0
Rx Term Count: 0x0
Rx Error:      0x0
Set CS pin 14 to low
Set CS pin 14 to high
SPI config: 0x221
SPI config: 0x221
SPI Transfer #1: Received Data 0x0x4200d1b0:
  ff
SPI Transfer #2: Received Data 0x0x4200d1b4:
  00
Tx Interrupts: 126
Tx Buffer OK:  126
Tx No Buffer:  0
Tx Status:     0x0
Tx Term Count: 0x0
Tx Error:      0x0
Rx Interrupts: 126
Rx Buffer OK:  126
Rx No Buffer:  0
Rx Status:     0x0
Rx Term Count: 0x0
Rx Error:      0x0
Set CS pin 14 to low
Set CS pin 14 to high
SPI config: 0x221
SPI config: 0x221
SPI Transfer #1: Received Data 0x0x4200d1b0:
  ff
SPI Transfer #2: Received Data 0x0x4200d1b4:
  00
Tx Interrupts: 128
Tx Buffer OK:  128
Tx No Buffer:  0
Tx Status:     0x0
Tx Term Count: 0x0
Tx Error:      0x0
Rx Interrupts: 128
Rx Buffer OK:  128
Rx No Buffer:  0
Rx Status:     0x0
Rx Term Count: 0x0
Rx Error:      0x0
Set CS pin 14 to low
Set CS pin 14 to high
SPI config: 0x221
SPI config: 0x221
SPI Transfer #1: Received Data 0x0x4200d1b0:
  ff
SPI Transfer #2: Received Data 0x0x4200d1b4:
  6e
Tx Interrupts: 130
Tx Buffer OK:  130
Tx No Buffer:  0
Tx Status:     0x0
Tx Term Count: 0x0
Tx Error:      0x0
Rx Interrupts: 130
Rx Buffer OK:  130
Rx No Buffer:  0
Rx Status:     0x0
Rx Term Count: 0x0
Rx Error:      0x0
Set CS pin 14 to low
Set CS pin 14 to high
SPI config: 0x221
SPI config: 0x221
SPI Transfer #1: Received Data 0x0x4200d1b0:
  ff
SPI Transfer #2: Received Data 0x0x4200d1b4:
  01
Tx Interrupts: 132
Tx Buffer OK:  132
Tx No Buffer:  0
Tx Status:     0x0
Tx Term Count: 0x0
Tx Error:      0x0
Rx Interrupts: 132
Rx Buffer OK:  132
Rx No Buffer:  0
Rx Status:     0x0
Rx Term Count: 0x0
Rx Error:      0x0
Set CS pin 14 to low
Set CS pin 14 to high
SPI config: 0x221
SPI config: 0x221
SPI Transfer #1: Received Data 0x0x4200d1b0:
  ff
SPI Transfer #2: Received Data 0x0x4200d1b4:
  00
Tx Interrupts: 134
Tx Buffer OK:  134
Tx No Buffer:  0
Tx Status:     0x0
Tx Term Count: 0x0
Tx Error:      0x0
Rx Interrupts: 134
Rx Buffer OK:  134
Rx No Buffer:  0
Rx Status:     0x0
Rx Term Count: 0x0
Rx Error:      0x0
Set CS pin 14 to low
Set CS pin 14 to high
SPI config: 0x221
SPI config: 0x221
SPI Transfer #1: Received Data 0x0x4200d1b0:
  ff
SPI Transfer #2: Received Data 0x0x4200d1b4:
  13
Tx Interrupts: 136
Tx Buffer OK:  136
Tx No Buffer:  0
Tx Status:     0x0
Tx Term Count: 0x0
Tx Error:      0x0
Rx Interrupts: 136
Rx Buffer OK:  136
Rx No Buffer:  0
Rx Status:     0x0
Rx Term Count: 0x0
Rx Error:      0x0
Set CS pin 14 to low
Set CS pin 14 to high
SPI config: 0x221
SPI config: 0x221
SPI Transfer #1: Received Data 0x0x4200d1b0:
  ff
SPI Transfer #2: Received Data 0x0x4200d1b4:
  06
Tx Interrupts: 138
Tx Buffer OK:  138
Tx No Buffer:  0
Tx Status:     0x0
Tx Term Count: 0x0
Tx Error:      0x0
Rx Interrupts: 138
Rx Buffer OK:  138
Rx No Buffer:  0
Rx Status:     0x0
Rx Term Count: 0x0
Rx Error:      0x0
Set CS pin 14 to low
Set CS pin 14 to high
SPI config: 0x221
SPI config: 0x221
SPI Transfer #1: Received Data 0x0x4200d1b0:
  ff
SPI Transfer #2: Received Data 0x0x4200d1b4:
  00
Tx Interrupts: 140
Tx Buffer OK:  140
Tx No Buffer:  0
Tx Status:     0x0
Tx Term Count: 0x0
Tx Error:      0x0
Rx Interrupts: 140
Rx Buffer OK:  140
Rx No Buffer:  0
Rx Status:     0x0
Rx Term Count: 0x0
Rx Error:      0x0
Set CS pin 14 to low
Set CS pin 14 to high
SPI config: 0x221
SPI config: 0x221
SPI Transfer #1: Received Data 0x0x4200d1b0:
  ff
SPI Transfer #2: Received Data 0x0x4200d1b4:
  1e
Tx Interrupts: 142
Tx Buffer OK:  142
Tx No Buffer:  0
Tx Status:     0x0
Tx Term Count: 0x0
Tx Error:      0x0
Rx Interrupts: 142
Rx Buffer OK:  142
Rx No Buffer:  0
Rx Status:     0x0
Rx Term Count: 0x0
Rx Error:      0x0
Set CS pin 14 to low
Set CS pin 14 to high
SPI config: 0x221
SPI config: 0x221
SPI Transfer #1: Received Data 0x0x4200d1b0:
  ff
SPI Transfer #2: Received Data 0x0x4200d1b4:
  d5
Tx Interrupts: 144
Tx Buffer OK:  144
Tx No Buffer:  0
Tx Status:     0x0
Tx Term Count: 0x0
Tx Error:      0x0
Rx Interrupts: 144
Rx Buffer OK:  144
Rx No Buffer:  0
Rx Status:     0x0
Rx Term Count: 0x0
Rx Error:      0x0
Set CS pin 14 to low
Set CS pin 14 to high
SPI config: 0x221
SPI config: 0x221
SPI Transfer #1: Received Data 0x0x4200d1b0:
  ff
SPI Transfer #2: Received Data 0x0x4200d1b4:
  41
Tx Interrupts: 146
Tx Buffer OK:  146
Tx No Buffer:  0
Tx Status:     0x0
Tx Term Count: 0x0
Tx Error:      0x0
Rx Interrupts: 146
Rx Buffer OK:  146
Rx No Buffer:  0
Rx Status:     0x0
Rx Term Count: 0x0
Rx Error:      0x0
Set CS pin 14 to low
Set CS pin 14 to high
SPI config: 0x221
SPI config: 0x221
SPI Transfer #1: Received Data 0x0x4200d1b0:
  ff
SPI Transfer #2: Received Data 0x0x4200d1b4:
  ff
Tx Interrupts: 148
Tx Buffer OK:  148
Tx No Buffer:  0
Tx Status:     0x0
Tx Term Count: 0x0
Tx Error:      0x0
Rx Interrupts: 148
Rx Buffer OK:  148
Rx No Buffer:  0
Rx Status:     0x0
Rx Term Count: 0x0
Rx Error:      0x0
Set CS pin 14 to low
Set CS pin 14 to high
SPI config: 0x221
SPI config: 0x221
SPI Transfer #1: Received Data 0x0x4200d1b0:
  ff
SPI Transfer #2: Received Data 0x0x4200d1b4:
  ff
Tx Interrupts: 150
Tx Buffer OK:  150
Tx No Buffer:  0
Tx Status:     0x0
Tx Term Count: 0x0
Tx Error:      0x0
Rx Interrupts: 150
Rx Buffer OK:  150
Rx No Buffer:  0
Rx Status:     0x0
Rx Term Count: 0x0
Rx Error:      0x0
Set CS pin 14 to low
Set CS pin 14 to high
SPI config: 0x221
SPI config: 0x221
SPI Transfer #1: Received Data 0x0x4200d1b0:
  ff
SPI Transfer #2: Received Data 0x0x4200d1b4:
  ff
Tx Interrupts: 152
Tx Buffer OK:  152
Tx No Buffer:  0
Tx Status:     0x0
Tx Term Count: 0x0
Tx Error:      0x0
Rx Interrupts: 152
Rx Buffer OK:  152
Rx No Buffer:  0
Rx Status:     0x0
Rx Term Count: 0x0
Rx Error:      0x0
Set CS pin 14 to low
Set CS pin 14 to high
SPI config: 0x221
SPI config: 0x221
SPI Transfer #1: Received Data 0x0x4200d1b0:
  ff
SPI Transfer #2: Received Data 0x0x4200d1b4:
  ff
Tx Interrupts: 154
Tx Buffer OK:  154
Tx No Buffer:  0
Tx Status:     0x0
Tx Term Count: 0x0
Tx Error:      0x0
Rx Interrupts: 154
Rx Buffer OK:  154
Rx No Buffer:  0
Rx Status:     0x0
Rx Term Count: 0x0
Rx Error:      0x0
Set CS pin 14 to low
Set CS pin 14 to high
SPI config: 0x221
SPI config: 0x221
SPI Transfer #1: Received Data 0x0x4200d1b0:
  ff
SPI Transfer #2: Received Data 0x0x4200d1b4:
  ff
Tx Interrupts: 156
Tx Buffer OK:  156
Tx No Buffer:  0
Tx Status:     0x0
Tx Term Count: 0x0
Tx Error:      0x0
Rx Interrupts: 156
Rx Buffer OK:  156
Rx No Buffer:  0
Rx Status:     0x0
Rx Term Count: 0x0
Rx Error:      0x0
Set CS pin 14 to low
Set CS pin 14 to high
SPI config: 0x221
SPI config: 0x221
SPI Transfer #1: Received Data 0x0x4200d1b0:
  ff
SPI Transfer #2: Received Data 0x0x4200d1b4:
  ff
Tx Interrupts: 158
Tx Buffer OK:  158
Tx No Buffer:  0
Tx Status:     0x0
Tx Term Count: 0x0
Tx Error:      0x0
Rx Interrupts: 158
Rx Buffer OK:  158
Rx No Buffer:  0
Rx Status:     0x0
Rx Term Count: 0x0
Rx Error:      0x0
Set CS pin 14 to low
Set CS pin 14 to high
SPI config: 0x221
SPI config: 0x221
SPI Transfer #1: Received Data 0x0x4200d1b0:
  ff
SPI Transfer #2: Received Data 0x0x4200d1b4:
  ff
Tx Interrupts: 160
Tx Buffer OK:  160
Tx No Buffer:  0
Tx Status:     0x0
Tx Term Count: 0x0
Tx Error:      0x0
Rx Interrupts: 160
Rx Buffer OK:  160
Rx No Buffer:  0
Rx Status:     0x0
Rx Term Count: 0x0
Rx Error:      0x0
Set CS pin 14 to low
Set CS pin 14 to high
SPI config: 0x221
SPI config: 0x221
SPI Transfer #1: Received Data 0x0x4200d1b0:
  ff
SPI Transfer #2: Received Data 0x0x4200d1b4:
  00
Tx Interrupts: 162
Tx Buffer OK:  162
Tx No Buffer:  0
Tx Status:     0x0
Tx Term Count: 0x0
Tx Error:      0x0
Rx Interrupts: 162
Rx Buffer OK:  162
Rx No Buffer:  0
Rx Status:     0x0
Rx Term Count: 0x0
Rx Error:      0x0
Set CS pin 14 to low
Set CS pin 14 to high
SPI config: 0x221
SPI config: 0x221
SPI Transfer #1: Received Data 0x0x4200d1b0:
  ff
SPI Transfer #2: Received Data 0x0x4200d1b4:
  00
Tx Interrupts: 164
Tx Buffer OK:  164
Tx No Buffer:  0
Tx Status:     0x0
Tx Term Count: 0x0
Tx Error:      0x0
Rx Interrupts: 164
Rx Buffer OK:  164
Rx No Buffer:  0
Rx Status:     0x0
Rx Term Count: 0x0
Rx Error:      0x0
Set CS pin 14 to low
Set CS pin 14 to high
SPI config: 0x221
SPI config: 0x221
SPI Transfer #1: Received Data 0x0x4200d1b0:
  ff
SPI Transfer #2: Received Data 0x0x4200d1b4:
  00
Tx Interrupts: 166
Tx Buffer OK:  166
Tx No Buffer:  0
Tx Status:     0x0
Tx Term Count: 0x0
Tx Error:      0x0
Rx Interrupts: 166
Rx Buffer OK:  166
Rx No Buffer:  0
Rx Status:     0x0
Rx Term Count: 0x0
Rx Error:      0x0
Set CS pin 14 to low
Set CS pin 14 to high
SPI config: 0x221
SPI config: 0x221
SPI Transfer #1: Received Data 0x0x4200d1b0:
  ff
SPI Transfer #2: Received Data 0x0x4200d1b4:
  00
Tx Interrupts: 168
Tx Buffer OK:  168
Tx No Buffer:  0
Tx Status:     0x0
Tx Term Count: 0x0
Tx Error:      0x0
Rx Interrupts: 168
Rx Buffer OK:  168
Rx No Buffer:  0
Rx Status:     0x0
Rx Term Count: 0x0
Rx Error:      0x0
Set CS pin 14 to low
Set CS pin 14 to high
SPI config: 0x221
SPI config: 0x221
SPI Transfer #1: Received Data 0x0x4200d1b0:
  ff
SPI Transfer #2: Received Data 0x0x4200d1b4:
  00
Tx Interrupts: 170
Tx Buffer OK:  170
Tx No Buffer:  0
Tx Status:     0x0
Tx Term Count: 0x0
Tx Error:      0x0
Rx Interrupts: 170
Rx Buffer OK:  170
Rx No Buffer:  0
Rx Status:     0x0
Rx Term Count: 0x0
Rx Error:      0x0
Set CS pin 14 to low
Set CS pin 14 to high
SPI config: 0x221
SPI config: 0x221
SPI Transfer #1: Received Data 0x0x4200d1b0:
  ff
SPI Transfer #2: Received Data 0x0x4200d1b4:
  00
Tx Interrupts: 172
Tx Buffer OK:  172
Tx No Buffer:  0
Tx Status:     0x0
Tx Term Count: 0x0
Tx Error:      0x0
Rx Interrupts: 172
Rx Buffer OK:  172
Rx No Buffer:  0
Rx Status:     0x0
Rx Term Count: 0x0
Rx Error:      0x0
Set CS pin 14 to low
Set CS pin 14 to high
SPI config: 0x221
SPI config: 0x221
SPI Transfer #1: Received Data 0x0x4200d1b0:
  ff
SPI Transfer #2: Received Data 0x0x4200d1b4:
  80
Tx Interrupts: 174
Tx Buffer OK:  174
Tx No Buffer:  0
Tx Status:    0x0
Tx Term Count: 0x0
Tx Error:      0x0
Rx Interrupts: 174
Rx Buffer OK:  174
Rx No Buffer:  0
Rx Status:     0x0
Rx Term Count: 0x0
Rx Error:      0x0
Set CS pin 14 to low
Set CS pin 14 to high
SPI config: 0x221
SPI config: 0x221
SPI Transfer #1: Received Data 0x0x4200d1b0:
  ff
SPI Transfer #2: Received Data 0x0x4200d1b4:
  00
Tx Interrupts: 176
Tx Buffer OK:  176
Tx No Buffer:  0
Tx Status:     0x0
Tx Term Count: 0x0
Tx Error:      0x0
Rx Interrupts: 176
Rx Buffer OK:  176
Rx No Buffer:  0
Rx Status:     0x0
Rx Term Count: 0x0
Rx Error:      0x0
Set CS pin 14 to low
Set CS pin 14 to high
SPI config: 0x221
SPI config: 0x221
SPI Transfer #1: Received Data 0x0x4200d1b0:
  ff
SPI Transfer #2: Received Data 0x0x4200d1b4:
  00
Tx Interrupts: 178
Tx Buffer OK:  178
Tx No Buffer:  0
Tx Status:     0x0
Tx Term Count: 0x0
Tx Error:      0x0
Rx Interrupts: 178
Rx Buffer OK:  178
Rx No Buffer:  0
Rx Status:     0x0
Rx Term Count: 0x0
Rx Error:      0x0
Set CS pin 14 to low
Set CS pin 14 to high
SPI config: 0x221
SPI config: 0x221
SPI Transfer #1: Received Data 0x0x4200d1b0:
  ff
SPI Transfer #2: Received Data 0x0x4200d1b4:
  80
Tx Interrupts: 180
Tx Buffer OK:  180
Tx No Buffer:  0
Tx Status:     0x0
Tx Term Count: 0x0
Tx Error:      0x0
Rx Interrupts: 180
Rx Buffer OK:  180
Rx No Buffer:  0
Rx Status:     0x0
Rx Term Count: 0x0
Rx Error:      0x0
Set CS pin 14 to low
Set CS pin 14 to high
SPI config: 0x221
SPI config: 0x221
SPI Transfer #1: Received Data 0x0x4200d1b0:
  ff
SPI Transfer #2: Received Data 0x0x4200d1b4:
  00
Tx Interrupts: 182
Tx Buffer OK:  182
Tx No Buffer:  0
Tx Status:     0x0
Tx Term Count: 0x0
Tx Error:      0x0
Rx Interrupts: 182
Rx Buffer OK:  182
Rx No Buffer:  0
Rx Status:     0x0
Rx Term Count: 0x0
Rx Error:      0x0
Set CS pin 14 to low
Set CS pin 14 to high
SPI config: 0x221
SPI config: 0x221
SPI Transfer #1: Received Data 0x0x4200d1b0:
  ff
SPI Transfer #2: Received Data 0x0x4200d1b4:
  00
Tx Interrupts: 184
Tx Buffer OK:  184
Tx No Buffer:  0
Tx Status:     0x0
Tx Term Count: 0x0
Tx Error:      0x0
Rx Interrupts: 184
Rx Buffer OK:  184
Rx No Buffer:  0
Rx Status:     0x0
Rx Term Count: 0x0
Rx Error:      0x0
Set CS pin 14 to low
Set CS pin 14 to high
SPI config: 0x221
SPI config: 0x221
SPI Transfer #1: Received Data 0x0x4200d1b0:
  ff
SPI Transfer #2: Received Data 0x0x4200d1b4:
  80
Tx Interrupts: 186
Tx Buffer OK:  186
Tx No Buffer:  0
Tx Status:     0x0
Tx Term Count: 0x0
Tx Error:      0x0
Rx Interrupts: 186
Rx Buffer OK:  186
Rx No Buffer:  0
Rx Status:     0x0
Rx Term Count: 0x0
Rx Error:      0x0
Set CS pin 14 to low
Set CS pin 14 to high
SPI config: 0x221
SPI config: 0x221
SPI Transfer #1: Received Data 0x0x4200d1b0:
  ff
SPI Transfer #2: Received Data 0x0x4200d1b4:
  00
Tx Interrupts: 188
Tx Buffer OK:  188
Tx No Buffer:  0
Tx Status:     0x0
Tx Term Count: 0x0
Tx Error:      0x0
Rx Interrupts: 188
Rx Buffer OK:  188
Rx No Buffer:  0
Rx Status:     0x0
Rx Term Count: 0x0
Rx Error:      0x0

# spi_transfer
Set CS pin 14 to low
Set CS pin 14 to high
SPI config: 0x221
SPI config: 0x221
SPI Transfer #1: Received Data 0x0x4200d1b0:
  ff
SPI Transfer #2: Received Data 0x0x4200d1b4:
  60
Tx Interrupts: 190
Tx Buffer OK:  190
Tx No Buffer:  0
Tx Status:     0x0
Tx Term Count: 0x0
Tx Error:      0x0
Rx Interrupts: 190
Rx Buffer OK:  190
Rx No Buffer:  0
Rx Status:     0x0
Rx Term Count: 0x0
Rx Error:      0x0
Set CS pin 14 to low
Set CS pin 14 to high
SPI config: 0x221
SPI config: 0x221
SPI Transfer #1: Received Data 0x0x4200d1b0:
  ff
SPI Transfer #2: Received Data 0x0x4200d1b4:
  00
Tx Interrupts: 192
Tx Buffer OK:  192
Tx No Buffer:  0
Tx Status:     0x0
Tx Term Count: 0x0
Tx Error:      0x0
Rx Interrupts: 192
Rx Bufer OK:  192
Rx No Buffer:  0
Rx Status:     0x0
Rx Term Count: 0x0
Rx Error:      0x0
Set CS pin 14 to low
Set CS pin 14 to high
SPI config: 0x221
SPI config: 0x221
SPI Transfer #1: Received Data 0x0x4200d1b0:
  ff
SPI Transfer #2: Received Data 0x0x4200d1b4:
  00
Tx Interrupts: 194
Tx Buffer OK:  194
Tx No Buffer:  0
Tx Status:     0x0
Tx Term Count: 0x0
Tx Error:      0x0
Rx Interrupts: 194
Rx Buffer OK:  194
Rx No Buffer:  0
Rx Status:     0x0
Rx Term Count: 0x0
Rx Error:      0x0
Set CS pin 14 to low
Set CS pin 14 to high
SPI config: 0x221
SPI config: 0x221
SPI Transfer #1: Received Data 0x0x4200d1b0:
  ff
SPI Transfer #2: Received Data 0x0x4200d1b4:
  00
Tx Interrupts: 196
Tx Buffer OK:  196
Tx No Buffer:  0
Tx Status:     0x0
Tx Term Count: 0x0
Tx Error:      0x0
Rx Interrupts: 196
Rx Buffer OK:  196
Rx No Buffer:  0
Rx Status:     0x0
Rx Term Count: 0x0
Rx Error:      0x0
Set CS pin 14 to low
Set CS pin 14 to high
SPI config: 0x221
SPI config: 0x221
SPI Transfer #1: Received Data 0x0x4200d1b0:
  ff
SPI Transfer #2: Received Data 0x0x4200d1b4:
  00
Tx Interrupts: 198
Tx Buffer OK:  198
Tx No Buffer:  0
Tx Status:     0x0
Tx Term Count: 0x0
Tx Error:      0x0
Rx Interrupts: 198
Rx Buffer OK:  198
Rx No Buffer:  0
Rx Status:     0x0
Rx Term Count: 0x0
Rx Error:      0x0
Set CS pin 14 to low
Set CS pin 14 to high
SPI config: 0x221
SPI config: 0x221
SPI Transfer #1: Received Data 0x0x4200d1b0:
  ff
SPI Transfer #2: Received Data 0x0x4200d1b4:
  00
Tx Interrupts: 200
Tx Buffer OK:  200
Tx No Buffer:  0
Tx Status:     0x0
Tx Term Count: 0x0
Tx Error:      0x0
Rx Interrupts: 200
Rx Buffer OK:  200
Rx No Buffer:  0
Rx Status:     0x0
Rx Term Count: 0x0
Rx Error:      0x0
Set CS pin 14 to low
Set CS pin 14 to high
SPI config: 0x21
SPI config: 0x221
SPI Transfer #1: Received Data 0x0x4200d1b0:
  ff
SPI Transfer #2: Received Data 0x0x4200d1b4:
  00
Tx Interrupts: 202
Tx Buffer OK:  202
Tx No Buffer:  0
Tx Status:     0x0
Tx Term Count: 0x0
Tx Error:      0x0
Rx Interrupts: 202
Rx Buffer OK:  202
Rx No Buffer:  0
Rx Status:     0x
Rx Term Count: 0x0
Rx Error:      0x0
Set CS pin 14 to low
Set CS pin 14 to high
SPI config: 0x221
SPI config: 0x221
SPI Transfer #1: Received Data 0x0x4200d1b0:
  ff
SPI Transfer #2: Received Data 0x0x4200d1b4:
  00
Tx Interrupts: 204
Tx Buffer OK:  204
Tx No Buffer:  0
Tx Status:     0x0
Tx Term Count: 0x0
Tx Error:      0x0
Rx Interrupts: 204
Rx Buffer OK:  204
Rx No Buffer:  0
Rx Status:     0x0
Rx Term Count: 0x0
Rx Error:      0x0
Set CS pin 14 to low
Set CS pin 14 to high
SPI config: 0x221
SPI config: 0x221
SPI Transfer #1: Received Data 0x0x4200d1b0:
  ff
SPI Transfer #2: Received Data 0x0x4200d1b4:
  00
Tx Interrupts: 206
Tx Buffer OK:  206
Tx No Buffer:  0
Tx Status:     0x0
Tx Term Count: 0x0
Tx Error:      0x0
Rx Interrupts: 206
Rx Buffer OK:  206
Rx No Buffer:  0
Rx Status:     0x0
Rx Term Count: 0x0
Rx Error:      0x0
Set CS pin 14 to low
Set CS pin 14 to high
SPI config: 0x221
SPI config: 0x221
SPI Transfer #1: Received Data 0x0x4200d1b0:
  ff
SPI Transfer #2: Received Data 0x0x4200d1b4:
  00
Tx Interrupts: 208
Tx Buffer OK:  208
Tx No Buffer:  0
Tx Status:     0x0
Tx Term Count: 0x0
Tx Error:      0x0
Rx Interrupts: 208
Rx Buffer OK:  208
Rx No Buffer:  0
Rx Status:     0x0
Rx Term Count: 0x0
Rx Error:      0x0
Set CS pin 14 to low
Set CS pin 14 to high
SPI config: 0x221
SPI config: 0x221
SPI Transfer #1: Received Data 0x0x4200d1b0:
  ff
SPI Transfer #2: Received Data 0x0x4200d1b4:
  00
Tx Interrupts: 210
Tx Buffer OK:  210
Tx No Buffer:  0
Tx Status:     0x0
Tx Term Count: 0x0
Tx Error:      0x0
Rx Interrupts: 210
Rx Buffer OK:  210
Rx No Buffer:  0
Rx Status:     0x0
Rx Term Count: 0x0
Rx Error:      0x0
Set CS pin 14 to low
Set CS pin 14 to high
SPI config: 0x221
SPI config: 0x221
SPI Transfer #1: Received Data 0x0x4200d1b0:
  ff
SPI Transfer #2: Received Data 0x0x4200d1b4:
  00
Tx Interrupts: 212
Tx Buffer OK:  212
Tx No Buffer:  0
Tx Status:     0x0
Tx Term Count: 0x0
Tx Error:      0x0
Rx Interrupts: 212
Rx Buffer OK:  212
Rx No Buffer:  0
Rx Status:     0x0
Rx Term Count: 0x0
Rx Error:      0x0
Set CS pin 14 to low
Set CS pin 14 to high
SPI config: 0x221
SPI config: 0x221
SPI Transfer #1: Received Data 0x0x4200d1b0:
  ff
SPI Transfer #2: Received Data 0x0x4200d1b4:
  00
Tx Interrupts: 214
Tx Buffer OK:  214
Tx No Buffer:  0
Tx Status:     0x0
Tx Term Count: 0x0
Tx Error:      0x0
Rx Interrupts: 214
Rx Buffer OK:  214
Rx No Buffer:  0
Rx Status:     0x0
Rx Term Count: 0x0
Rx Error:      0x0
Set CS pin 14 to low
Set CS pin 14 to high
SPI config: 0x221
SPI config: 0x221
SPI Transfer #1: Received Data 0x0x4200d1b0:
  ff
SPI Transfer #2: Received Data 0x0x4200d1b4:
  00
Tx Interrupts: 216
Tx Buffer OK:  216
Tx No Buffer:  0
Tx Status:     0x0
Tx Term Count: 0x0
Tx Error:      0x0
Rx Interrupts: 216
Rx Buffer OK:  216
Rx No Buffer:  0
Rx Status:     0x0
Rx Term Count: 0x0
Rx Error:      0x0
Set CS pin 14 to low
Set CS pin 14 to high
SPI config: 0x221
SPI config: 0x221
SPI Transfer #1: Received Data 0x0x4200d1b0:
  ff
SPI Transfer #2: Received Data 0x0x4200d1b4:
  00
Tx Interrupts: 218
Tx Buffer OK:  218
Tx No Buffer:  0
Tx Status:     0x0
Tx Term Count: 0x0
Tx Error:      0x0
Rx Interrupts: 218
Rx Buffer OK:  218
Rx No Buffer:  0
Rx Status:     0x0
Rx Term Count: 0x0
Rx Error:      0x0
Set CS pin 14 to low
Set CS pin 14 to high
SPI config: 0x221
SPI config: 0x221
SPI Transfer #1: Received Data 0x0x4200d1b0:
  ff
SPI Transfer #2: Received Data 0x0x4200d1b4:
  00
Tx Interrupts: 220
Tx Buffer OK:  220
Tx No Buffer:  0
Tx Status:     0x0
Tx Term Count: 0x0
Tx Error:      0x0
Rx Interrupts: 220
Rx Buffer OK:  220
Rx No Buffer:  0
Rx Status:     0x0
Rx Term Count: 0x0
Rx Error:      0x0
Set CS pin 14 to low
Set CS pin 14 to high
SPI config: 0x221
SPI config: 0x221
SPI Transfer #1: Received Data 0x0x4200d1b0:
  ff
SPI Transfer #2: Received Data 0x0x4200d1b4:
  00
Tx Interrupts: 222
Tx Buffer OK:  222
Tx No Buffer:  0
Tx Status:     0x0
Tx Term Count: 0x0
Tx Error:      0x0
Rx Interrupts: 222
Rx Buffer OK:  222
Rx No Buffer:  0
Rx Status:     0x0
Rx Term Count: 0x0
Rx Error:      0x0
Set CS pin 14 to low
Set CS pin 14 to high
SPI config: 0x221
SPI config: 0x21
SPI Transfer #1: Received Data 0x0x4200d1b0:
  ff
SPI Transfer #2: Received Data 0x0x4200d1b4:
  6e
Tx Interrupts: 224
Tx Buffer OK:  224
Tx No Buffer:  0
Tx Status:     0x0
Tx Term Count: 0x0
Tx Error:      0x0
Rx Interrupts: 224
Rx Buffer OK:  224
Rx No Buffer:  0
Rx Status:     0x0
Rx Term Count: 0x0
Rx Error:      0x0
Set CS pin 14 to low
Set CS pin 14 to high
SPI config: 0x221
SPI config: 0x221
SPI Transfer #1: Received Data 0x0x4200d1b0:
  ff
SPI Transfer #2: Received Data 0x0x4200d1b4:
  01
Tx Interrupts: 226
Tx Buffer OK:  226
Tx No Buffer:  0
Tx Status:     0x0
Tx Term Count: 0x0
Tx Error:      0x0
Rx Interrupts: 226
Rx Buffer OK:  226
Rx No Buffer:  0
Rx Status:     0x0
Rx Term Count: 0x0
Rx Error:      0x0
Set CS pin 14 to low
Set CS pin 14 to high
SPI config: 0x221
SPI config: 0x221
SPI Transfer #1: Received Data 0x0x4200d1b0:
  ff
SPI Transfer #2: Received Data 0x0x4200d1b4:
  00
Tx Interrupts: 228
Tx Buffer OK:  228
Tx No Buffer:  0
Tx Status:     0x0
Tx Term Count: 0x0
Tx Error:      0x0
Rx Interrupts: 228
Rx Buffer OK:  228
Rx No Buffer:  0
Rx Status:     0x0
Rx Term Count: 0x0
Rx Error:      0x0
Set CS pin 14 to low
Set CS pin 14 to high
SPI config: 0x221
SPI config: 0x221
SPI Transfer #1: Received Data 0x0x4200d1b0:
  ff
SPI Transfer #2: Received Data 0x0x4200d1b4:
  13
Tx Interrupts: 230
Tx Buffer OK:  230
Tx No Buffer:  0
Tx Status:     0x0
Tx Term Count: 0x0
Tx Error:      0x0
Rx Interrupts: 230
Rx Buffer OK:  230
Rx No Buffer:  0
Rx Status:     0x0
Rx Term Count: 0x0
Rx Error:      0x0
Set CS pin 14 to low
Set CS pin 14 to high
SPI config: 0x221
SPI config: 0x221
SPI Transfer #1: Received Data 0x0x4200d1b0:
  ff
SPI Transfer #2: Received Data 0x0x4200d1b4:
  06
Tx Interrupts: 232
Tx Buffer OK:  232
Tx No Buffer:  0
Tx Status:     0x0
Tx Term Count: 0x0
Tx Error:      0x0
Rx nterrupts: 232
Rx Buffer OK:  232
Rx No Buffer:  0
Rx Status:     0x0
Rx Term Count: 0x0
Rx Error:      0x0
Set CS pin 14 to low
Set CS pin 14 to high
SPI config: 0x221
SPI config: 0x221
SPI Transfer #1: Received Data 0x0x4200d1b0:
  ff
SPI Transfer #2: Received Data 0x0x4200d1b4:
  00
Tx Interrupts: 234
Tx Buffer OK:  234
Tx No Buffer:  0
Tx Status:     0x0
Tx Term Count: 0x0
Tx Error:      0x0
Rx Interrupts: 234
Rx Buffer OK:  234
Rx No Buffer:  0
Rx Status:     0x0
Rx Term Count: 0x0
Rx Error:      0x0
Set CS pin 14 to low
Set CS pin 14 to hih
SPI config: 0x221
SPI config: 0x221
SPI Transfer #1: Received Data 0x0x4200d1b0:
  ff
SPI Transfer #2: Received Data 0x0x4200d1b4:
  1e
Tx Interrupts: 236
Tx Buffer OK:  236
Tx No Buffer:  0
Tx Status:     0x0
Tx Term Count: 0x0
Tx Error:      0x0
Rx Interrupts: 236
Rx Buffer OK:  236
Rx No Buffer:  0
Rx Status:     0x0
Rx Term Count: 0x0
Rx Error:      0x0
Set CS pin 14 to low
Set CS pin 14 to high
SPI config: 0x221
SPI config: 0x221
SPI Transfer #1: Received Data 0x0x4200d1b0:
  ff
SPI Transfer #2: Received Data 0x0x4200d1b4:
  d5
Tx Interrupts: 238
Tx Buffer OK:  238
Tx No Buffer:  0
Tx Status:     0x0
Tx Term Count: 0x0
Tx Error:      0x0
Rx Interrupts: 238
Rx Buffer OK:  238
Rx No Buffer:  0
Rx Status:     0x0
Rx Term Count: 0x0
Rx Error:      0x0
Set CS pin 14 to low
Set CS pin 14 to high
SPI config: 0x221
SPI config: 0x221
SPI Transfer #1: Received Data 0x0x4200d1b0:
  ff
SPI Transfer #2: Received Data 0x0x4200d1b4:
  41
Tx Interrupts: 240
Tx Buffer OK:  240
Tx No Buffer:  0
Tx Status:     0x0
Tx Term Count: 0x0
Tx Error:      0x0
Rx Interrupts: 240
Rx Buffer OK:  240
Rx No Buffer:  0
Rx Status:     0x0
Rx Term Count: 0x0
Rx Error:      0x0
Set CS pin 14 to low
Set CS pin 14 to high
SPI config: 0x221
SPI config: 0x221
SPI Transfer #1: Received Data 0x0x4200d1b0:
  ff
SPI Transfer #2: Received Data 0x0x4200d1b4:
  ff
Tx Interrupts: 242
Tx Buffer OK:  242
Tx No Buffer:  0
Tx Status:     0x0
Tx Term Count: 0x0
Tx Error:      0x0
Rx Interrupts: 242
Rx Buffer OK:  242
Rx No Buffer:  0
Rx Status:     0x0
Rx Term Count: 0x0
Rx Error:      0x0
Set CS pin 14 to low
Set CS pin 14 to high
SPI config: 0x221
SPI config: 0x221
SPI Transfer #1: Received Data 0x0x4200d1b0:
  ff
SPI Transfer #2: Received Data 0x0x4200d1b4:
  ff
Tx Interrupts: 244
Tx Buffer OK:  244
Tx No Buffer:  0
Tx Status:     0x0
Tx Term Count: 0x0
Tx Error:      0x0
Rx Interrupts: 244
Rx Buffer OK:  244
Rx No Buffer:  0
Rx Status:     0x0
Rx Term Count: 0x0
Rx Error:      0x0
Set CS pin 14 to low
Set CS pin 14 to high
SPI config: 0x221
SPI config: 0x221
SPI Transfer #1: Received Data 0x0x4200d1b0:
  ff
SPI Transfer #2: Received Data 0x0x4200d1b4:
  ff
Tx Interrupts: 246
Tx Buffer OK:  246
Tx No Buffer:  0
Tx Status:     0x0
Tx Term Count: 0x0
Tx Error:      0x0
Rx Interrupts: 246
Rx Buffer OK:  246
Rx No Buffer:  0
Rx Status:     0x0
Rx Term Count: 0x0
Rx Error:      0x0
Set CS pin 14 to low
Set CS pin 14 to high
SPI config: 0x221
SPI config: 0x221
SPI Transfer #1: Received Data 0x0x4200d1b0:
  ff
SPI Transfer #2: Received Data 0x0x4200d1b4:
  ff
Tx Interrupts: 248
Tx Buffer OK:  248
Tx No Buffer:  0
Tx Status:     0x0
Tx Term Count: 0x0
Tx Error:      0x0
Rx Interrupts: 248
Rx Buffer OK:  248
Rx No Buffer:  0
Rx Status:     0x0
Rx Term Count: 0x0
Rx Error:      0x0
Set CS pin 14 to low
Set CS pin 14 to high
SPI config: 0x221
SPI config: 0x221
SPI Transfer #1: Received Data 0x0x4200d1b0:
  ff
SPI Transfer #2: Received Data 0x0x4200d1b4:
  ff
Tx Interrupts: 250
Tx Buffer OK:  250
Tx No Buffer:  0
Tx Status:     0x0
Tx Term Count: 0x0
Tx Error:      0x0
Rx Interrupts: 250
Rx Buffer OK:  250
Rx No Buffer:  0
Rx Status:     0x0
Rx Term Count: 0x0
Rx Error:      0x0
Set CS pin 14 to low
Set CS pin 14 to high
SPI config: 0x221
SPI config: 0x221
SPI Transfer #1: Received Data 0x0x4200d1b0:
  ff
SPI Transfer #2: Received Data 0x0x4200d1b4:
  ff
Tx Interrupts: 252
Tx Buffer OK:  252
Tx No Buffer:  0
Tx Status:     0x0
Tx Term Count: 0x0
Tx Error:      0x0
Rx Interrupts: 252
Rx Buffer OK:  252
Rx No Buffer:  0
Rx Status:     0x0
Rx Term Count: 0x0
Rx Error:      0x0
Set CS pin 14 to low
Set CS pin 14 to high
SPI config: 0x221
SPI config: 0x221
SPI Transfer #1: Received Data 0x0x4200d1b0:
  ff
SPI Transfer #2: Received Data 0x04200d1b4:
  ff
Tx Interrupts: 254
Tx Buffer OK:  254
Tx No Buffer:  0
Tx Status:     0x0
Tx Term Count: 0x0
Tx Error:      0x0
Rx Interrupts: 254
Rx Buffer OK:  254
Rx No Buffer:  0
Rx Status:     0x0
Rx Term Count: 0x0
Rx Error:      0x0
Set CS pin 14 to low
Set CS pin 14 to high
SPI config: 0x221
SPI config: 0x221
SPI Transfer #1: Received Data 0x0x4200d1b0:
  ff
SPI Transfer #2: Received Data 0x0x4200d1b4:
  00
Tx Interrupts: 256
Tx Buffer OK:  256
Tx No Buffer:  0
Tx Status:     0x0
Tx Term Count: 0x0
Tx Error:      0x0
Rx Interrupts: 256
Rx Buffer OK:  256
Rx No Buffer:  0
Rx Status:     0x0
Rx Term Count: 0x0
Rx Error:      0x0
Set CS pin 14 to low
Set CS pin 14 to high
SPI config: 0x221
SPI config: 0x221
SPI Transfer #1: Received Data 0x0x4200d1b0:
  ff
SPI Transfer #2: Received Data 0x0x4200d1b4:
  00
Tx Interrupts: 258
Tx Buffer OK:  258
Tx No Buffer:  0
Tx Status:     0x0
Tx Term Count: 0x0
Tx Error:      0x0
Rx Interrupts: 258
Rx Buffer OK:  258
Rx No Buffer:  0
Rx Status:     0x0
Rx Term Count: 0x0
Rx Error:      0x0
Set CS pin 14 to low
Set CS pin 14 to high
SPI config: 0x221
SPI config: 0x221
SPI Transfer #1: Received Data 0x0x4200d1b0:
  ff
SPI Transfer #2: Received Data 0x0x4200d1b4:
  00
Tx Interrupts: 260
Tx Buffer OK:  260
Tx No Buffer:  0
Tx Status:     0x0
Tx Term Count: 0x0
Tx Error:      0x0
Rx Interrupts: 260
Rx Buffer OK:  260
Rx No Buffer:  0
Rx Status:     0x0
Rx Term Count: 0x0
Rx Error:      0x0
Set CS pin 14 to low
Set CS pin 14 to high
SPI config: 0x221
SPI config: 0x221
SPI Transfer #1: Received Data 0x0x4200d1b0:
  ff
SPI Transfer #2: Received Data 0x0x4200d1b4:
  00
Tx Interrupts: 262
Tx Buffer OK:  262
Tx No Buffer:  0
Tx Status:     0x0
Tx Term Count: 0x0
Tx Error:      0x0
Rx Interrupts: 262
Rx Buffer OK:  262
Rx No Buffer:  0
Rx Status:     0x0
Rx Term Count: 0x0
Rx Error:      0x0
Set CS pin 14 to low
Set CS pin 14 to high
SPI config: 0x221
SPI config: 0x221
SPI Transfer #1: Received Data 0x0x4200d1b0:
  ff
SPI Transfer #2: Received Data 0x0x4200d1b4:
  00
Tx Interrupts: 264
Tx Buffer OK:  264
Tx No Buffer:  0
Tx Status:     0x0
Tx Term Count: 0x0
Tx Error:      0x0
Rx Interrupts: 264
Rx Buffer OK:  264
Rx No Buffer:  0
Rx Status:     0x0
Rx Term Count: 0x0
Rx Error:      0x0
Set CS pin 14 to low
Set CS pin 14 to high
SPI config: 0x221
SPI config: 0x221
SPI Transfer #1: Received Data 0x0x4200d1b0:
  ff
SPI Transfer #2: Received Data 0x0x4200d1b4:
  00
Tx Interrupts: 266
Tx Buffer OK:  266
Tx No Buffer:  0
Tx Status:     0x0
Tx Term Count: 0x0
Tx Error:      0x0
Rx Interrupts: 266
Rx Buffer OK:  266
Rx No Buffer:  0
Rx Status:     0x0
Rx Term Count: 0x0
Rx Error:      0x0
Set CS pin 14 to low
Set CS pin 14 to high
SPI config: 0x221
SPI config: 0x221
SPI Transfer #1: Received Data 0x0x4200d1b0:
  ff
SPI Transfer #2: Received Data 0x0x4200d1b4:
  80
Tx Interrupts: 268
Tx Buffer OK:  268
Tx No Buffer:  0
Tx Status:     0x0
Tx Term Count: 0x0
Tx Error:      0x0
Rx Interrupts: 268
Rx Buffer OK:  268
Rx No Buffer:  0
Rx Status:     0x0
Rx Term Count: 0x0
Rx Error:      0x0
Set CS pin 14 to low
Set CS pin 14 to high
SPI config: 0x221
SPI config: 0x221
SPI Transfer #1: Received Data 0x0x4200d1b0:
  ff
SPI Transfer #2: Received Data 0x0x4200d1b4:
  00
Tx Interrupts: 270
Tx Buffer OK:  270
Tx No Buffer:  0
Tx Status:     0x0
Tx Term Count: 0x0
Tx Error:      0x0
Rx Interrupts: 270
Rx Buffer OK:  270
Rx No Buffer:  0
Rx Status:     0x0
Rx Term Count: 0x0
Rx Error:      0x0
Set CS pin 14 to low
Set CS pin 14 to high
SPI config: 0x221
SPI config: 0x221
SPI Transfer #1: Received Data 0x0x4200d1b0:
  ff
SPI Transfer #2: Received Data 0x0x4200d1b4:
  00
Tx Interrupts: 272
Tx Buffer OK:  272
Tx No Buffer:  0
Tx Status:     0x0
Tx Term Count: 0x0
Tx Error:      0x0
Rx Interrupts: 272
Rx Buffer OK:  272
Rx No Buffer:  0
Rx Status:     0x0
Rx Term Count: 0x0
Rx Error:      0x0
Set CS pin 14 to low
Set CS pin 14 to high
SPI config: 0x221
SPI config: 0x221
SPI Transfer #1: Received Data 0x0x4200d1b0:
  ff
SPI Transfer #2: Received Data 0x0x4200d1b4:
  80
Tx Interrupts: 274
Tx Buffer OK:  274
TxNo Buffer:  0
Tx Status:     0x0
Tx Term Count: 0x0
Tx Error:      0x0
Rx Interrupts: 274
Rx Buffer OK:  274
Rx No Buffer:  0
Rx Status:     0x0
Rx Term Count: 0x0
Rx Error:      0x0
Set CS pin 14 to low
Set CS pin 14 to high
SPI config: 0x221
SPI config: 0x221
SPI Transfer #1: Received Data 0x0x4200d1b0:
  ff
SPI Transfer #2: Received Data 0x0x4200d1b4:
  00
Tx Interrupts: 276
Tx Buffer OK:  276
Tx No Buffer:  0
Tx Status:     0x0
Tx Term Count: 0x0
Tx Error:      0x0
Rx Interrupts: 276
Rx Buffer OK:  276
Rx No Buffer:  0
Rx Status:     0x0
Rx Term Count: 0x0
Rx Error:      0x0
Set CS pin 14 to low
Set CS pin 14 to high
SPI config: 0x221
SPI config: 0x221
SPI Transfer #1: Received Data 0x0x4200d1b0:
  ff
SPI Transfer #2: Received Data 0x0x4200d1b4:
  00
Tx Interrupts: 278
Tx Buffer OK:  278
Tx No Buffer:  0
Tx Status:     0x0
Tx Term Count: 0x0
Tx Error:      0x0
Rx Interrupts: 278
Rx Buffer OK:  278
Rx No Buffer:  0
Rx Status:     0x0
Rx Term Count: 0x0
Rx Error:      0x0
Set CS pin 14 to low
Set CS pin 14 to high
SPI config: 0x221
SPI config: 0x221
SPI Transfer #1: Received Data 0x0x4200d1b0:
  ff
SPI Transfer #2: Received Data 0x0x4200d1b4:
  80
Tx Interrupts: 280
Tx Buffer OK:  280
Tx No Buffer:  0
Tx Status:     0x0
Tx Term Count: 0x0
Tx Error:      0x0
Rx Interrupts: 280
Rx Buffer OK:  280
Rx No Buffer:  0
Rx Status:     0x0
Rx Term Count: 0x0
Rx Error:      0x0
Set CS pin 14 to low
Set CS pin 14 to high
SPI config: 0x221
SPI config: 0x221
SPI Transfer #1: Received Data 0x0x4200d1b0:
  ff
SPI Transfer #2: Received Data 0x0x4200d1b4:
  00
Tx Interrupts: 282
Tx Buffer OK:  282
Tx No Buffer:  0
Tx Status:     0x0
Tx Term Count: 0x0
Tx Error:      0x0
Rx Interrupts: 282
Rx Buffer OK:  282
Rx No Buffer:  0
Rx Status:     0x0
Rx Term Count: 0x0
Rx Error:      0x0

#
